\BOOKMARK [1][-]{section.0.1}{The global architecture of the website}{}% 1
\BOOKMARK [2][-]{subsection.0.1.1}{A website...}{section.0.1}% 2
\BOOKMARK [2][-]{subsection.0.1.2}{...but not alone}{section.0.1}% 3
\BOOKMARK [1][-]{section.0.2}{The database}{}% 4
\BOOKMARK [2][-]{subsection.0.2.1}{Create the database}{section.0.2}% 5
\BOOKMARK [2][-]{subsection.0.2.2}{Tables glossary}{section.0.2}% 6
\BOOKMARK [3][-]{subsubsection.0.2.2.1}{Table users}{subsection.0.2.2}% 7
\BOOKMARK [3][-]{subsubsection.0.2.2.2}{Table user\137details}{subsection.0.2.2}% 8
\BOOKMARK [3][-]{subsubsection.0.2.2.3}{Table operations}{subsection.0.2.2}% 9
\BOOKMARK [3][-]{subsubsection.0.2.2.4}{Table permissions}{subsection.0.2.2}% 10
\BOOKMARK [3][-]{subsubsection.0.2.2.5}{Table tokens}{subsection.0.2.2}% 11
\BOOKMARK [3][-]{subsubsection.0.2.2.6}{Table bus}{subsection.0.2.2}% 12
\BOOKMARK [3][-]{subsubsection.0.2.2.7}{Table books}{subsection.0.2.2}% 13
\BOOKMARK [1][-]{section.0.3}{The website part}{}% 14
\BOOKMARK [2][-]{subsection.0.3.1}{Global architecture using Laravel Framework}{section.0.3}% 15
\BOOKMARK [2][-]{subsection.0.3.2}{The login system}{section.0.3}% 16
\BOOKMARK [3][-]{subsubsection.0.3.2.1}{The login page}{subsection.0.3.2}% 17
\BOOKMARK [3][-]{subsubsection.0.3.2.2}{Login management}{subsection.0.3.2}% 18
\BOOKMARK [3][-]{subsubsection.0.3.2.3}{Creating an account}{subsection.0.3.2}% 19
\BOOKMARK [2][-]{subsection.0.3.3}{Permissions management}{section.0.3}% 20
\BOOKMARK [3][-]{subsubsection.0.3.3.1}{In the database}{subsection.0.3.3}% 21
\BOOKMARK [3][-]{subsubsection.0.3.3.2}{In the website}{subsection.0.3.3}% 22
\BOOKMARK [2][-]{subsection.0.3.4}{Create a bus}{section.0.3}% 23
\BOOKMARK [2][-]{subsection.0.3.5}{The booking system \205 website side}{section.0.3}% 24
\BOOKMARK [3][-]{subsubsection.0.3.5.1}{Display all the available buses}{subsection.0.3.5}% 25
\BOOKMARK [3][-]{subsubsection.0.3.5.2}{Booking function}{subsection.0.3.5}% 26
\BOOKMARK [1][-]{section.0.4}{The Cpp server}{}% 27
